<?xml version="1.0" encoding="UTF-8"?>
<coverage generated="1588576039218" clover="3.2.0">
  <project timestamp="1588576039218" name="All files">
    <metrics statements="18" coveredstatements="18" conditionals="12" coveredconditionals="11" methods="5" coveredmethods="5" elements="35" coveredelements="34" complexity="0" loc="18" ncloc="18" packages="1" files="1" classes="1"/>
    <file name="index.js" path="/home/alexander/Projects/gendiff/src/index.js">
      <metrics statements="18" coveredstatements="18" conditionals="12" coveredconditionals="11" methods="5" coveredmethods="5"/>
      <line num="4" count="1" type="stmt"/>
      <line num="10" count="6" type="stmt"/>
      <line num="11" count="1" type="stmt"/>
      <line num="12" count="2" type="cond" truecount="1" falsecount="1"/>
      <line num="15" count="2" type="stmt"/>
      <line num="17" count="11" type="stmt"/>
      <line num="20" count="1" type="stmt"/>
      <line num="21" count="1" type="stmt"/>
      <line num="22" count="1" type="stmt"/>
      <line num="23" count="1" type="stmt"/>
      <line num="24" count="5" type="cond" truecount="2" falsecount="0"/>
      <line num="25" count="1" type="stmt"/>
      <line num="26" count="4" type="cond" truecount="4" falsecount="0"/>
      <line num="27" count="1" type="stmt"/>
      <line num="28" count="3" type="cond" truecount="4" falsecount="0"/>
      <line num="29" count="2" type="stmt"/>
      <line num="31" count="1" type="stmt"/>
      <line num="34" count="1" type="stmt"/>
    </file>
  </project>
</coverage>
