<?xml version="1.0" encoding="UTF-8"?>
<coverage generated="1588512554578" clover="3.2.0">
  <project timestamp="1588512554578" name="All files">
    <metrics statements="12" coveredstatements="12" conditionals="10" coveredconditionals="10" methods="3" coveredmethods="3" elements="25" coveredelements="25" complexity="0" loc="12" ncloc="12" packages="1" files="1" classes="1"/>
    <file name="index.js" path="/home/alexander/Projects/gendiff/src/index.js">
      <metrics statements="12" coveredstatements="12" conditionals="10" coveredconditionals="10" methods="3" coveredmethods="3"/>
      <line num="4" count="1" type="stmt"/>
      <line num="10" count="6" type="stmt"/>
      <line num="13" count="1" type="stmt"/>
      <line num="14" count="1" type="stmt"/>
      <line num="15" count="5" type="cond" truecount="2" falsecount="0"/>
      <line num="16" count="1" type="stmt"/>
      <line num="17" count="4" type="cond" truecount="4" falsecount="0"/>
      <line num="18" count="1" type="stmt"/>
      <line num="19" count="3" type="cond" truecount="4" falsecount="0"/>
      <line num="20" count="2" type="stmt"/>
      <line num="22" count="1" type="stmt"/>
      <line num="24" count="1" type="stmt"/>
    </file>
  </project>
</coverage>
