{"/home/alexander/Projects/gendiff/src/index.js": {"path":"/home/alexander/Projects/gendiff/src/index.js","statementMap":{"0":{"start":{"line":4,"column":21},"end":{"line":8,"column":1}},"1":{"start":{"line":10,"column":19},"end":{"line":10,"column":86}},"2":{"start":{"line":10,"column":43},"end":{"line":10,"column":86}},"3":{"start":{"line":13,"column":22},"end":{"line":13,"column":58}},"4":{"start":{"line":14,"column":21},"end":{"line":23,"column":6}},"5":{"start":{"line":15,"column":8},"end":{"line":17,"column":9}},"6":{"start":{"line":16,"column":12},"end":{"line":16,"column":61}},"7":{"start":{"line":17,"column":10},"end":{"line":19,"column":9}},"8":{"start":{"line":18,"column":12},"end":{"line":18,"column":56}},"9":{"start":{"line":19,"column":10},"end":{"line":21,"column":9}},"10":{"start":{"line":20,"column":12},"end":{"line":20,"column":59}},"11":{"start":{"line":22,"column":8},"end":{"line":22,"column":99}},"12":{"start":{"line":24,"column":4},"end":{"line":24,"column":38}}},"fnMap":{"0":{"name":"(anonymous_0)","decl":{"start":{"line":10,"column":19},"end":{"line":10,"column":20}},"loc":{"start":{"line":10,"column":43},"end":{"line":10,"column":86}},"line":10},"1":{"name":"(anonymous_1)","decl":{"start":{"line":12,"column":15},"end":{"line":12,"column":16}},"loc":{"start":{"line":12,"column":34},"end":{"line":25,"column":1}},"line":12},"2":{"name":"(anonymous_2)","decl":{"start":{"line":14,"column":35},"end":{"line":14,"column":36}},"loc":{"start":{"line":14,"column":44},"end":{"line":23,"column":5}},"line":14}},"branchMap":{"0":{"loc":{"start":{"line":15,"column":8},"end":{"line":17,"column":9}},"type":"if","locations":[{"start":{"line":15,"column":8},"end":{"line":17,"column":9}},{"start":{"line":15,"column":8},"end":{"line":17,"column":9}}],"line":15},"1":{"loc":{"start":{"line":17,"column":10},"end":{"line":19,"column":9}},"type":"if","locations":[{"start":{"line":17,"column":10},"end":{"line":19,"column":9}},{"start":{"line":17,"column":10},"end":{"line":19,"column":9}}],"line":17},"2":{"loc":{"start":{"line":17,"column":14},"end":{"line":17,"column":70}},"type":"binary-expr","locations":[{"start":{"line":17,"column":14},"end":{"line":17,"column":41}},{"start":{"line":17,"column":45},"end":{"line":17,"column":70}}],"line":17},"3":{"loc":{"start":{"line":19,"column":10},"end":{"line":21,"column":9}},"type":"if","locations":[{"start":{"line":19,"column":10},"end":{"line":21,"column":9}},{"start":{"line":19,"column":10},"end":{"line":21,"column":9}}],"line":19},"4":{"loc":{"start":{"line":19,"column":14},"end":{"line":19,"column":70}},"type":"binary-expr","locations":[{"start":{"line":19,"column":14},"end":{"line":19,"column":40}},{"start":{"line":19,"column":44},"end":{"line":19,"column":70}}],"line":19}},"s":{"0":1,"1":1,"2":6,"3":1,"4":1,"5":5,"6":1,"7":4,"8":1,"9":3,"10":2,"11":1,"12":1},"f":{"0":6,"1":1,"2":5},"b":{"0":[1,4],"1":[1,3],"2":[4,1],"3":[2,1],"4":[3,3]},"_coverageSchema":"1a1c01bbd47fc00a2c39e90264f33305004495a9","hash":"a98c4dbe51091a7d13a45aa5ed783d9b1e679b09"}
}
