{"/home/alexander/Projects/gendiff/src/index.js": {"path":"/home/alexander/Projects/gendiff/src/index.js","statementMap":{"0":{"start":{"line":4,"column":21},"end":{"line":8,"column":1}},"1":{"start":{"line":10,"column":19},"end":{"line":10,"column":86}},"2":{"start":{"line":10,"column":43},"end":{"line":10,"column":86}},"3":{"start":{"line":11,"column":16},"end":{"line":16,"column":1}},"4":{"start":{"line":12,"column":18},"end":{"line":14,"column":45}},"5":{"start":{"line":15,"column":2},"end":{"line":15,"column":55}},"6":{"start":{"line":17,"column":21},"end":{"line":17,"column":81}},"7":{"start":{"line":17,"column":35},"end":{"line":17,"column":81}},"8":{"start":{"line":20,"column":17},"end":{"line":20,"column":42}},"9":{"start":{"line":21,"column":16},"end":{"line":21,"column":40}},"10":{"start":{"line":22,"column":20},"end":{"line":22,"column":56}},"11":{"start":{"line":23,"column":19},"end":{"line":32,"column":4}},"12":{"start":{"line":24,"column":4},"end":{"line":26,"column":5}},"13":{"start":{"line":25,"column":6},"end":{"line":25,"column":55}},"14":{"start":{"line":26,"column":6},"end":{"line":28,"column":5}},"15":{"start":{"line":27,"column":6},"end":{"line":27,"column":50}},"16":{"start":{"line":28,"column":6},"end":{"line":30,"column":5}},"17":{"start":{"line":29,"column":6},"end":{"line":29,"column":53}},"18":{"start":{"line":31,"column":4},"end":{"line":31,"column":95}},"19":{"start":{"line":34,"column":2},"end":{"line":34,"column":36}}},"fnMap":{"0":{"name":"(anonymous_0)","decl":{"start":{"line":10,"column":19},"end":{"line":10,"column":20}},"loc":{"start":{"line":10,"column":43},"end":{"line":10,"column":86}},"line":10},"1":{"name":"(anonymous_1)","decl":{"start":{"line":11,"column":16},"end":{"line":11,"column":17}},"loc":{"start":{"line":11,"column":32},"end":{"line":16,"column":1}},"line":11},"2":{"name":"(anonymous_2)","decl":{"start":{"line":17,"column":21},"end":{"line":17,"column":22}},"loc":{"start":{"line":17,"column":35},"end":{"line":17,"column":81}},"line":17},"3":{"name":"(anonymous_3)","decl":{"start":{"line":19,"column":15},"end":{"line":19,"column":16}},"loc":{"start":{"line":19,"column":54},"end":{"line":35,"column":1}},"line":19},"4":{"name":"(anonymous_4)","decl":{"start":{"line":23,"column":33},"end":{"line":23,"column":34}},"loc":{"start":{"line":23,"column":42},"end":{"line":32,"column":3}},"line":23}},"branchMap":{"0":{"loc":{"start":{"line":12,"column":18},"end":{"line":14,"column":45}},"type":"cond-expr","locations":[{"start":{"line":13,"column":6},"end":{"line":13,"column":16}},{"start":{"line":14,"column":6},"end":{"line":14,"column":45}}],"line":12},"1":{"loc":{"start":{"line":24,"column":4},"end":{"line":26,"column":5}},"type":"if","locations":[{"start":{"line":24,"column":4},"end":{"line":26,"column":5}},{"start":{"line":24,"column":4},"end":{"line":26,"column":5}}],"line":24},"2":{"loc":{"start":{"line":26,"column":6},"end":{"line":28,"column":5}},"type":"if","locations":[{"start":{"line":26,"column":6},"end":{"line":28,"column":5}},{"start":{"line":26,"column":6},"end":{"line":28,"column":5}}],"line":26},"3":{"loc":{"start":{"line":26,"column":10},"end":{"line":26,"column":64}},"type":"binary-expr","locations":[{"start":{"line":26,"column":10},"end":{"line":26,"column":36}},{"start":{"line":26,"column":40},"end":{"line":26,"column":64}}],"line":26},"4":{"loc":{"start":{"line":28,"column":6},"end":{"line":30,"column":5}},"type":"if","locations":[{"start":{"line":28,"column":6},"end":{"line":30,"column":5}},{"start":{"line":28,"column":6},"end":{"line":30,"column":5}}],"line":28},"5":{"loc":{"start":{"line":28,"column":10},"end":{"line":28,"column":64}},"type":"binary-expr","locations":[{"start":{"line":28,"column":10},"end":{"line":28,"column":35}},{"start":{"line":28,"column":39},"end":{"line":28,"column":64}}],"line":28}},"s":{"0":1,"1":1,"2":6,"3":1,"4":2,"5":2,"6":1,"7":11,"8":1,"9":1,"10":1,"11":1,"12":5,"13":1,"14":4,"15":1,"16":3,"17":2,"18":1,"19":1},"f":{"0":6,"1":2,"2":11,"3":1,"4":5},"b":{"0":[2,0],"1":[1,4],"2":[1,3],"3":[4,1],"4":[2,1],"5":[3,3]},"_coverageSchema":"1a1c01bbd47fc00a2c39e90264f33305004495a9","hash":"2f243617a5c3bfa82a8be5c37b2b0e817056b75f"}
}
