TN:
SF:src/index.js
FN:10,(anonymous_0)
FN:11,(anonymous_1)
FN:17,(anonymous_2)
FN:19,(anonymous_3)
FN:23,(anonymous_4)
FNF:5
FNH:5
FNDA:6,(anonymous_0)
FNDA:2,(anonymous_1)
FNDA:11,(anonymous_2)
FNDA:1,(anonymous_3)
FNDA:5,(anonymous_4)
DA:4,1
DA:10,6
DA:11,1
DA:12,2
DA:15,2
DA:17,11
DA:20,1
DA:21,1
DA:22,1
DA:23,1
DA:24,5
DA:25,1
DA:26,4
DA:27,1
DA:28,3
DA:29,2
DA:31,1
DA:34,1
LF:18
LH:18
BRDA:12,0,0,2
BRDA:12,0,1,0
BRDA:24,1,0,1
BRDA:24,1,1,4
BRDA:26,2,0,1
BRDA:26,2,1,3
BRDA:26,3,0,4
BRDA:26,3,1,1
BRDA:28,4,0,2
BRDA:28,4,1,1
BRDA:28,5,0,3
BRDA:28,5,1,3
BRF:12
BRH:11
end_of_record
